TN:
SF:src\presentation\controllers\signup.ts
FN:11,(anonymous_0)
FN:14,(anonymous_1)
FNF:2
FNH:2
FNDA:7,(anonymous_0)
FNDA:7,(anonymous_1)
DA:1,1
DA:2,1
DA:6,1
DA:8,1
DA:12,7
DA:15,7
DA:16,7
DA:18,7
DA:19,22
DA:20,4
DA:24,3
DA:25,2
DA:27,1
LF:13
LH:13
BRDA:19,0,0,4
BRDA:25,1,0,1
BRF:2
BRH:2
end_of_record
TN:
SF:src\presentation\helpers\http-helper.ts
FN:4,(anonymous_0)
FN:9,(anonymous_1)
FNF:2
FNH:2
FNDA:5,(anonymous_0)
FNDA:1,(anonymous_1)
DA:1,1
DA:4,5
DA:9,1
LF:3
LH:3
BRF:0
BRH:0
end_of_record
